<?xml version="1.0" encoding="UTF-8"?>
<!-- Generated by org.testng.reporters.JUnitReportReporter -->
<testsuite hostname="DESKTOP-0EP1HI9" failures="0" tests="1" name="dps.com.testproj.CheckBrokenLink" time="36.189" errors="0" timestamp="30 Jul 2021 13:28:02 GMT">
  <testcase classname="dps.com.testproj.CheckBrokenLink" name="newBrokenCheckLink" time="36.189"/>
</testsuite> <!-- dps.com.testproj.CheckBrokenLink -->
