<?xml version="1.0" encoding="UTF-8"?>
<!-- Generated by org.testng.reporters.JUnitReportReporter -->
<testsuite hostname="DESKTOP-0EP1HI9" failures="0" tests="1" name="dps.com.testproj.ReadPDF" time="5.588" errors="0" timestamp="30 Jul 2021 07:07:59 GMT">
  <testcase classname="dps.com.testproj.ReadPDF" name="readPDFDocument" time="5.588"/>
</testsuite> <!-- dps.com.testproj.ReadPDF -->
