<?xml version="1.0" encoding="UTF-8"?>
<!-- Generated by org.testng.reporters.JUnitReportReporter -->
<testsuite hostname="DESKTOP-0EP1HI9" failures="0" tests="1" name="dps.com.testproj.NewTest1" time="0.015" errors="0" timestamp="8 Jul 2021 10:02:20 GMT">
  <testcase classname="dps.com.testproj.NewTest1" name="startTestOne" time="0.015"/>
</testsuite> <!-- dps.com.testproj.NewTest1 -->
