<?xml version="1.0" encoding="UTF-8"?>
<!-- Generated by org.testng.reporters.JUnitReportReporter -->
<testsuite hostname="DESKTOP-0EP1HI9" failures="0" tests="1" name="dps.com.testproj.ReadPDF" time="1.712" errors="0" timestamp="30 Jul 2021 09:37:41 GMT">
  <testcase classname="dps.com.testproj.ReadPDF" name="readPDFDocument" time="1.712"/>
</testsuite> <!-- dps.com.testproj.ReadPDF -->
