<?xml version="1.0" encoding="UTF-8"?>
<!-- Generated by org.testng.reporters.JUnitReportReporter -->
<testsuite hostname="DESKTOP-0EP1HI9" failures="0" tests="1" name="dps.com.testproj.NewTest3" time="7.184" errors="0" timestamp="8 Jul 2021 10:22:37 GMT">
  <testcase classname="dps.com.testproj.NewTest3" name="startTrellShopWebsite" time="7.184"/>
</testsuite> <!-- dps.com.testproj.NewTest3 -->
