<?xml version="1.0" encoding="UTF-8"?>
<!-- Generated by org.testng.reporters.JUnitReportReporter -->
<testsuite hostname="DESKTOP-0EP1HI9" failures="0" tests="1" name="dps.com.testproj.CheckBrokenLink" time="3.896" errors="0" timestamp="30 Jul 2021 06:43:41 GMT">
  <testcase classname="dps.com.testproj.CheckBrokenLink" name="newBrokenCheckLink" time="3.896"/>
</testsuite> <!-- dps.com.testproj.CheckBrokenLink -->
