<?xml version="1.0" encoding="UTF-8"?>
<!-- Generated by org.testng.reporters.JUnitReportReporter -->
<testsuite hostname="DESKTOP-0EP1HI9" failures="0" tests="1" name="dps.com.testproj.NewTest1" time="0.017" errors="0" timestamp="30 Jul 2021 04:51:14 GMT">
  <testcase classname="dps.com.testproj.NewTest1" name="startTestOne" time="0.017"/>
</testsuite> <!-- dps.com.testproj.NewTest1 -->
