<?xml version="1.0" encoding="UTF-8"?>
<!-- Generated by org.testng.reporters.JUnitReportReporter -->
<testsuite hostname="DESKTOP-0EP1HI9" name="dps.com.testproj.NewTest2" tests="1" failures="0" timestamp="8 Jul 2021 13:04:35 GMT" time="1.154" errors="0">
  <testcase name="startFirefox" time="1.154" classname="dps.com.testproj.NewTest2"/>
</testsuite> <!-- dps.com.testproj.NewTest2 -->
