<?xml version="1.0" encoding="UTF-8"?>
<!-- Generated by org.testng.reporters.JUnitReportReporter -->
<testsuite hostname="DESKTOP-0EP1HI9" name="dps.com.testproj.NewTest1" tests="1" failures="0" timestamp="30 Jul 2021 09:47:32 GMT" time="0.007" errors="0">
  <testcase name="startTestOne" time="0.007" classname="dps.com.testproj.NewTest1"/>
</testsuite> <!-- dps.com.testproj.NewTest1 -->
