<?xml version="1.0" encoding="UTF-8"?>
<!-- Generated by org.testng.reporters.JUnitReportReporter -->
<testsuite hostname="DESKTOP-0EP1HI9" failures="0" tests="1" name="dps.com.testproj.NewTest2" time="1.211" errors="0" timestamp="8 Jul 2021 11:13:36 GMT">
  <testcase classname="dps.com.testproj.NewTest2" name="startFirefox" time="1.211"/>
</testsuite> <!-- dps.com.testproj.NewTest2 -->
